<?xml version="1.0" encoding="UTF-8"?>
<!-- Generated by org.testng.reporters.JUnitReportReporter -->
<testsuite hostname="DESKTOP-SEOC7S6" failures="0" tests="2" name="entrata.TestCasesTwo" time="82.342" errors="0" timestamp="2024-03-03T11:08:39 IST" skipped="0">
  <testcase classname="entrata.TestCasesTwo" name="ProductsIsVisible" time="28.241"/>
  <testcase classname="entrata.TestCasesTwo" name="SheduleDemo" time="54.101"/>
</testsuite> <!-- entrata.TestCasesTwo -->
