<?xml version="1.0" encoding="UTF-8"?>
<!-- Generated by org.testng.reporters.JUnitReportReporter -->
<testsuite hostname="DESKTOP-SEOC7S6" failures="0" tests="3" name="entrata.TestCaseOne" time="106.330" errors="0" timestamp="2024-03-03T11:06:22 IST" skipped="0">
  <testcase classname="entrata.TestCaseOne" name="DemoForm" time="33.246"/>
  <testcase classname="entrata.TestCaseOne" name="SignIn" time="33.462"/>
  <testcase classname="entrata.TestCaseOne" name="testHomePageFunction" time="39.622"/>
</testsuite> <!-- entrata.TestCaseOne -->
