<?xml version="1.0" encoding="UTF-8"?>
<!-- Generated by org.testng.reporters.JUnitReportReporter -->
<testsuite hostname="DESKTOP-SEOC7S6" failures="0" tests="2" name="entrata.TestCasesTwo" time="30.434" errors="0" timestamp="2024-03-02T19:03:11 IST" skipped="1">
  <testcase classname="entrata.TestCasesTwo" name="Ribin" time="30.434"/>
  <testcase classname="entrata.TestCasesTwo" name="SheduleDemo">
    <skipped/>
  </testcase> <!-- SheduleDemo -->
</testsuite> <!-- entrata.TestCasesTwo -->
